Arguments: 
  /Users/jmichael/.nvm/versions/node/v18.7.0/bin/node /Users/jmichael/.nvm/versions/node/v18.7.0/bin/yarn add -D @types/sanity

PATH: 
  /Users/jmichael/.nvm/versions/node/v18.7.0/bin:/opt/homebrew/bin:/opt/homebrew/bin:/opt/homebrew/sbin:/usr/local/bin:/usr/bin:/bin:/usr/sbin:/sbin:/usr/local/share/dotnet:~/.dotnet/tools:/Users/jmichael/.dotnet/tools:/Users/jmichael/.dotfiles/.bin:/opt/homebrew/opt/fzf/bin

Yarn version: 
  1.22.19

Node version: 
  18.7.0

Platform: 
  darwin arm64

Trace: 
  Error: https://registry.yarnpkg.com/@types%2fsanity: Not found
      at params.callback [as _callback] (/Users/jmichael/.nvm/versions/node/v18.7.0/lib/node_modules/yarn/lib/cli.js:66145:18)
      at self.callback (/Users/jmichael/.nvm/versions/node/v18.7.0/lib/node_modules/yarn/lib/cli.js:140890:22)
      at Request.emit (node:events:513:28)
      at Request.<anonymous> (/Users/jmichael/.nvm/versions/node/v18.7.0/lib/node_modules/yarn/lib/cli.js:141862:10)
      at Request.emit (node:events:513:28)
      at IncomingMessage.<anonymous> (/Users/jmichael/.nvm/versions/node/v18.7.0/lib/node_modules/yarn/lib/cli.js:141784:12)
      at Object.onceWrapper (node:events:627:28)
      at IncomingMessage.emit (node:events:525:35)
      at endReadableNT (node:internal/streams/readable:1359:12)
      at process.processTicksAndRejections (node:internal/process/task_queues:82:21)

npm manifest: 
  No manifest

yarn manifest: 
  No manifest

Lockfile: 
  No lockfile
